{"C:\\Users\\olms2\\OneDrive\\Desktop\\Coding\\Springboard\\Current VS Code Projects\\biz-time\\_test-common.js": {"path":"C:\\Users\\olms2\\OneDrive\\Desktop\\Coding\\Springboard\\Current VS Code Projects\\biz-time\\_test-common.js","statementMap":{"0":{"start":{"line":3,"column":11},"end":{"line":3,"column":26}},"1":{"start":{"line":7,"column":2},"end":{"line":7,"column":41}},"2":{"start":{"line":8,"column":2},"end":{"line":8,"column":42}},"3":{"start":{"line":9,"column":2},"end":{"line":9,"column":63}},"4":{"start":{"line":11,"column":2},"end":{"line":13,"column":57}},"5":{"start":{"line":15,"column":14},"end":{"line":20,"column":25}},"6":{"start":{"line":24,"column":0},"end":{"line":24,"column":32}}},"fnMap":{"0":{"name":"createData","decl":{"start":{"line":6,"column":15},"end":{"line":6,"column":25}},"loc":{"start":{"line":6,"column":28},"end":{"line":21,"column":1}},"line":6}},"branchMap":{},"s":{"0":2,"1":19,"2":19,"3":19,"4":19,"5":18,"6":2},"f":{"0":19},"b":{},"_coverageSchema":"1a1c01bbd47fc00a2c39e90264f33305004495a9","hash":"d0a3193f0cd2862b86961025cb66e7ec6fdf8a15"}
,"C:\\Users\\olms2\\OneDrive\\Desktop\\Coding\\Springboard\\Current VS Code Projects\\biz-time\\app.js": {"path":"C:\\Users\\olms2\\OneDrive\\Desktop\\Coding\\Springboard\\Current VS Code Projects\\biz-time\\app.js","statementMap":{"0":{"start":{"line":1,"column":16},"end":{"line":1,"column":34}},"1":{"start":{"line":3,"column":21},"end":{"line":3,"column":46}},"2":{"start":{"line":4,"column":24},"end":{"line":4,"column":53}},"3":{"start":{"line":5,"column":23},"end":{"line":5,"column":51}},"4":{"start":{"line":7,"column":12},"end":{"line":7,"column":21}},"5":{"start":{"line":9,"column":0},"end":{"line":9,"column":24}},"6":{"start":{"line":10,"column":0},"end":{"line":10,"column":39}},"7":{"start":{"line":11,"column":0},"end":{"line":11,"column":37}},"8":{"start":{"line":16,"column":0},"end":{"line":19,"column":3}},"9":{"start":{"line":17,"column":14},"end":{"line":17,"column":48}},"10":{"start":{"line":18,"column":2},"end":{"line":18,"column":19}},"11":{"start":{"line":23,"column":0},"end":{"line":30,"column":3}},"12":{"start":{"line":24,"column":2},"end":{"line":24,"column":32}},"13":{"start":{"line":26,"column":2},"end":{"line":29,"column":5}},"14":{"start":{"line":33,"column":0},"end":{"line":33,"column":21}}},"fnMap":{"0":{"name":"(anonymous_0)","decl":{"start":{"line":16,"column":8},"end":{"line":16,"column":9}},"loc":{"start":{"line":16,"column":34},"end":{"line":19,"column":1}},"line":16},"1":{"name":"(anonymous_1)","decl":{"start":{"line":23,"column":8},"end":{"line":23,"column":9}},"loc":{"start":{"line":23,"column":33},"end":{"line":30,"column":1}},"line":23}},"branchMap":{"0":{"loc":{"start":{"line":24,"column":13},"end":{"line":24,"column":30}},"type":"binary-expr","locations":[{"start":{"line":24,"column":13},"end":{"line":24,"column":23}},{"start":{"line":24,"column":27},"end":{"line":24,"column":30}}],"line":24}},"s":{"0":2,"1":2,"2":2,"3":2,"4":2,"5":2,"6":2,"7":2,"8":2,"9":0,"10":0,"11":2,"12":10,"13":10,"14":2},"f":{"0":0,"1":10},"b":{"0":[10,3]},"_coverageSchema":"1a1c01bbd47fc00a2c39e90264f33305004495a9","hash":"5b78613c6851f5c79ab9aeb6769f0470876ad0fe"}
,"C:\\Users\\olms2\\OneDrive\\Desktop\\Coding\\Springboard\\Current VS Code Projects\\biz-time\\db.js": {"path":"C:\\Users\\olms2\\OneDrive\\Desktop\\Coding\\Springboard\\Current VS Code Projects\\biz-time\\db.js","statementMap":{"0":{"start":{"line":4,"column":19},"end":{"line":4,"column":32}},"1":{"start":{"line":6,"column":15},"end":{"line":8,"column":2}},"2":{"start":{"line":10,"column":0},"end":{"line":10,"column":17}},"3":{"start":{"line":13,"column":0},"end":{"line":13,"column":24}}},"fnMap":{},"branchMap":{},"s":{"0":2,"1":2,"2":2,"3":2},"f":{},"b":{},"_coverageSchema":"1a1c01bbd47fc00a2c39e90264f33305004495a9","hash":"696026391c91efe48f446c900408c26eadb47f41"}
,"C:\\Users\\olms2\\OneDrive\\Desktop\\Coding\\Springboard\\Current VS Code Projects\\biz-time\\expressError.js": {"path":"C:\\Users\\olms2\\OneDrive\\Desktop\\Coding\\Springboard\\Current VS Code Projects\\biz-time\\expressError.js","statementMap":{"0":{"start":{"line":3,"column":4},"end":{"line":3,"column":12}},"1":{"start":{"line":4,"column":4},"end":{"line":4,"column":27}},"2":{"start":{"line":5,"column":4},"end":{"line":5,"column":25}},"3":{"start":{"line":6,"column":4},"end":{"line":6,"column":30}},"4":{"start":{"line":11,"column":0},"end":{"line":11,"column":30}}},"fnMap":{"0":{"name":"(anonymous_0)","decl":{"start":{"line":2,"column":2},"end":{"line":2,"column":3}},"loc":{"start":{"line":2,"column":31},"end":{"line":7,"column":3}},"line":2}},"branchMap":{},"s":{"0":7,"1":7,"2":7,"3":7,"4":2},"f":{"0":7},"b":{},"_coverageSchema":"1a1c01bbd47fc00a2c39e90264f33305004495a9","hash":"3b2cb5e5c0de6d29f18ceae0face73ca58c3f09e"}
,"C:\\Users\\olms2\\OneDrive\\Desktop\\Coding\\Springboard\\Current VS Code Projects\\biz-time\\routes\\companies.js": {"path":"C:\\Users\\olms2\\OneDrive\\Desktop\\Coding\\Springboard\\Current VS Code Projects\\biz-time\\routes\\companies.js","statementMap":{"0":{"start":{"line":1,"column":16},"end":{"line":1,"column":34}},"1":{"start":{"line":2,"column":16},"end":{"line":2,"column":34}},"2":{"start":{"line":3,"column":21},"end":{"line":3,"column":47}},"3":{"start":{"line":4,"column":11},"end":{"line":4,"column":27}},"4":{"start":{"line":6,"column":13},"end":{"line":6,"column":33}},"5":{"start":{"line":9,"column":0},"end":{"line":19,"column":5}},"6":{"start":{"line":10,"column":4},"end":{"line":18,"column":5}},"7":{"start":{"line":11,"column":22},"end":{"line":11,"column":63}},"8":{"start":{"line":13,"column":8},"end":{"line":13,"column":54}},"9":{"start":{"line":17,"column":6},"end":{"line":17,"column":23}},"10":{"start":{"line":21,"column":0},"end":{"line":36,"column":5}},"11":{"start":{"line":22,"column":4},"end":{"line":35,"column":5}},"12":{"start":{"line":23,"column":24},"end":{"line":25,"column":55}},"13":{"start":{"line":27,"column":8},"end":{"line":29,"column":9}},"14":{"start":{"line":28,"column":12},"end":{"line":28,"column":68}},"15":{"start":{"line":30,"column":22},"end":{"line":30,"column":37}},"16":{"start":{"line":31,"column":8},"end":{"line":31,"column":96}},"17":{"start":{"line":34,"column":6},"end":{"line":34,"column":23}},"18":{"start":{"line":38,"column":0},"end":{"line":58,"column":3}},"19":{"start":{"line":39,"column":4},"end":{"line":57,"column":5}},"20":{"start":{"line":40,"column":38},"end":{"line":40,"column":46}},"21":{"start":{"line":41,"column":19},"end":{"line":41,"column":23}},"22":{"start":{"line":43,"column":23},"end":{"line":48,"column":9}},"23":{"start":{"line":52,"column":8},"end":{"line":52,"column":40}},"24":{"start":{"line":56,"column":6},"end":{"line":56,"column":23}},"25":{"start":{"line":60,"column":0},"end":{"line":86,"column":2}},"26":{"start":{"line":61,"column":2},"end":{"line":85,"column":3}},"27":{"start":{"line":62,"column":34},"end":{"line":62,"column":42}},"28":{"start":{"line":63,"column":15},"end":{"line":63,"column":30}},"29":{"start":{"line":68,"column":19},"end":{"line":73,"column":5}},"30":{"start":{"line":76,"column":4},"end":{"line":80,"column":7}},"31":{"start":{"line":77,"column":8},"end":{"line":77,"column":63}},"32":{"start":{"line":79,"column":8},"end":{"line":79,"column":53}},"33":{"start":{"line":84,"column":4},"end":{"line":84,"column":21}},"34":{"start":{"line":88,"column":0},"end":{"line":107,"column":3}},"35":{"start":{"line":89,"column":2},"end":{"line":106,"column":3}},"36":{"start":{"line":90,"column":17},"end":{"line":90,"column":32}},"37":{"start":{"line":92,"column":21},"end":{"line":96,"column":17}},"38":{"start":{"line":98,"column":6},"end":{"line":102,"column":7}},"39":{"start":{"line":99,"column":6},"end":{"line":99,"column":61}},"40":{"start":{"line":101,"column":6},"end":{"line":101,"column":45}},"41":{"start":{"line":105,"column":6},"end":{"line":105,"column":23}},"42":{"start":{"line":109,"column":0},"end":{"line":149,"column":3}},"43":{"start":{"line":110,"column":2},"end":{"line":147,"column":3}},"44":{"start":{"line":111,"column":22},"end":{"line":111,"column":30}},"45":{"start":{"line":112,"column":13},"end":{"line":112,"column":26}},"46":{"start":{"line":113,"column":19},"end":{"line":113,"column":23}},"47":{"start":{"line":115,"column":23},"end":{"line":119,"column":13}},"48":{"start":{"line":121,"column":4},"end":{"line":123,"column":5}},"49":{"start":{"line":122,"column":6},"end":{"line":122,"column":60}},"50":{"start":{"line":125,"column":25},"end":{"line":125,"column":53}},"51":{"start":{"line":127,"column":4},"end":{"line":133,"column":5}},"52":{"start":{"line":128,"column":6},"end":{"line":128,"column":28}},"53":{"start":{"line":129,"column":11},"end":{"line":133,"column":5}},"54":{"start":{"line":130,"column":6},"end":{"line":130,"column":21}},"55":{"start":{"line":132,"column":6},"end":{"line":132,"column":30}},"56":{"start":{"line":135,"column":19},"end":{"line":140,"column":34}},"57":{"start":{"line":142,"column":4},"end":{"line":142,"column":49}},"58":{"start":{"line":146,"column":4},"end":{"line":146,"column":21}},"59":{"start":{"line":151,"column":0},"end":{"line":171,"column":3}},"60":{"start":{"line":152,"column":2},"end":{"line":170,"column":3}},"61":{"start":{"line":153,"column":13},"end":{"line":153,"column":26}},"62":{"start":{"line":155,"column":19},"end":{"line":159,"column":13}},"63":{"start":{"line":161,"column":4},"end":{"line":163,"column":5}},"64":{"start":{"line":162,"column":6},"end":{"line":162,"column":60}},"65":{"start":{"line":165,"column":4},"end":{"line":165,"column":43}},"66":{"start":{"line":169,"column":4},"end":{"line":169,"column":21}},"67":{"start":{"line":173,"column":0},"end":{"line":173,"column":24}}},"fnMap":{"0":{"name":"(anonymous_0)","decl":{"start":{"line":9,"column":16},"end":{"line":9,"column":17}},"loc":{"start":{"line":9,"column":48},"end":{"line":19,"column":3}},"line":9},"1":{"name":"(anonymous_1)","decl":{"start":{"line":21,"column":21},"end":{"line":21,"column":22}},"loc":{"start":{"line":21,"column":53},"end":{"line":36,"column":3}},"line":21},"2":{"name":"(anonymous_2)","decl":{"start":{"line":38,"column":17},"end":{"line":38,"column":18}},"loc":{"start":{"line":38,"column":49},"end":{"line":58,"column":1}},"line":38},"3":{"name":"(anonymous_3)","decl":{"start":{"line":60,"column":21},"end":{"line":60,"column":22}},"loc":{"start":{"line":60,"column":53},"end":{"line":86,"column":1}},"line":60},"4":{"name":"(anonymous_4)","decl":{"start":{"line":88,"column":24},"end":{"line":88,"column":25}},"loc":{"start":{"line":88,"column":56},"end":{"line":107,"column":1}},"line":88},"5":{"name":"(anonymous_5)","decl":{"start":{"line":109,"column":19},"end":{"line":109,"column":20}},"loc":{"start":{"line":109,"column":51},"end":{"line":149,"column":1}},"line":109},"6":{"name":"(anonymous_6)","decl":{"start":{"line":151,"column":22},"end":{"line":151,"column":23}},"loc":{"start":{"line":151,"column":54},"end":{"line":171,"column":1}},"line":151}},"branchMap":{"0":{"loc":{"start":{"line":27,"column":8},"end":{"line":29,"column":9}},"type":"if","locations":[{"start":{"line":27,"column":8},"end":{"line":29,"column":9}},{"start":{"line":27,"column":8},"end":{"line":29,"column":9}}],"line":27},"1":{"loc":{"start":{"line":76,"column":4},"end":{"line":80,"column":7}},"type":"if","locations":[{"start":{"line":76,"column":4},"end":{"line":80,"column":7}},{"start":{"line":76,"column":4},"end":{"line":80,"column":7}}],"line":76},"2":{"loc":{"start":{"line":98,"column":6},"end":{"line":102,"column":7}},"type":"if","locations":[{"start":{"line":98,"column":6},"end":{"line":102,"column":7}},{"start":{"line":98,"column":6},"end":{"line":102,"column":7}}],"line":98},"3":{"loc":{"start":{"line":121,"column":4},"end":{"line":123,"column":5}},"type":"if","locations":[{"start":{"line":121,"column":4},"end":{"line":123,"column":5}},{"start":{"line":121,"column":4},"end":{"line":123,"column":5}}],"line":121},"4":{"loc":{"start":{"line":127,"column":4},"end":{"line":133,"column":5}},"type":"if","locations":[{"start":{"line":127,"column":4},"end":{"line":133,"column":5}},{"start":{"line":127,"column":4},"end":{"line":133,"column":5}}],"line":127},"5":{"loc":{"start":{"line":127,"column":8},"end":{"line":127,"column":29}},"type":"binary-expr","locations":[{"start":{"line":127,"column":8},"end":{"line":127,"column":21}},{"start":{"line":127,"column":25},"end":{"line":127,"column":29}}],"line":127},"6":{"loc":{"start":{"line":129,"column":11},"end":{"line":133,"column":5}},"type":"if","locations":[{"start":{"line":129,"column":11},"end":{"line":133,"column":5}},{"start":{"line":129,"column":11},"end":{"line":133,"column":5}}],"line":129},"7":{"loc":{"start":{"line":161,"column":4},"end":{"line":163,"column":5}},"type":"if","locations":[{"start":{"line":161,"column":4},"end":{"line":163,"column":5}},{"start":{"line":161,"column":4},"end":{"line":163,"column":5}}],"line":161}},"s":{"0":2,"1":2,"2":2,"3":2,"4":2,"5":2,"6":1,"7":1,"8":1,"9":0,"10":2,"11":2,"12":2,"13":2,"14":1,"15":1,"16":1,"17":1,"18":2,"19":2,"20":2,"21":2,"22":2,"23":1,"24":1,"25":2,"26":3,"27":3,"28":3,"29":3,"30":2,"31":1,"32":1,"33":2,"34":2,"35":2,"36":2,"37":2,"38":2,"39":2,"40":0,"41":2,"42":2,"43":0,"44":0,"45":0,"46":0,"47":0,"48":0,"49":0,"50":0,"51":0,"52":0,"53":0,"54":0,"55":0,"56":0,"57":0,"58":0,"59":2,"60":0,"61":0,"62":0,"63":0,"64":0,"65":0,"66":0,"67":2},"f":{"0":1,"1":2,"2":2,"3":3,"4":2,"5":0,"6":0},"b":{"0":[1,1],"1":[1,1],"2":[2,0],"3":[0,0],"4":[0,0],"5":[0,0],"6":[0,0],"7":[0,0]},"_coverageSchema":"1a1c01bbd47fc00a2c39e90264f33305004495a9","hash":"0f92cdbc9e41b92f8709fa61175de3d415c6adf8"}
,"C:\\Users\\olms2\\OneDrive\\Desktop\\Coding\\Springboard\\Current VS Code Projects\\biz-time\\routes\\invoices.js": {"path":"C:\\Users\\olms2\\OneDrive\\Desktop\\Coding\\Springboard\\Current VS Code Projects\\biz-time\\routes\\invoices.js","statementMap":{"0":{"start":{"line":1,"column":16},"end":{"line":1,"column":34}},"1":{"start":{"line":2,"column":16},"end":{"line":2,"column":34}},"2":{"start":{"line":3,"column":21},"end":{"line":3,"column":47}},"3":{"start":{"line":4,"column":11},"end":{"line":4,"column":27}},"4":{"start":{"line":6,"column":13},"end":{"line":6,"column":33}},"5":{"start":{"line":10,"column":0},"end":{"line":20,"column":3}},"6":{"start":{"line":11,"column":4},"end":{"line":19,"column":5}},"7":{"start":{"line":12,"column":22},"end":{"line":12,"column":62}},"8":{"start":{"line":14,"column":8},"end":{"line":14,"column":53}},"9":{"start":{"line":18,"column":6},"end":{"line":18,"column":23}},"10":{"start":{"line":22,"column":0},"end":{"line":64,"column":5}},"11":{"start":{"line":23,"column":4},"end":{"line":63,"column":5}},"12":{"start":{"line":24,"column":15},"end":{"line":24,"column":28}},"13":{"start":{"line":26,"column":21},"end":{"line":38,"column":15}},"14":{"start":{"line":40,"column":6},"end":{"line":42,"column":7}},"15":{"start":{"line":41,"column":8},"end":{"line":41,"column":61}},"16":{"start":{"line":44,"column":19},"end":{"line":44,"column":33}},"17":{"start":{"line":45,"column":22},"end":{"line":56,"column":7}},"18":{"start":{"line":58,"column":6},"end":{"line":58,"column":44}},"19":{"start":{"line":62,"column":6},"end":{"line":62,"column":23}},"20":{"start":{"line":74,"column":0},"end":{"line":90,"column":3}},"21":{"start":{"line":75,"column":2},"end":{"line":89,"column":3}},"22":{"start":{"line":76,"column":27},"end":{"line":76,"column":35}},"23":{"start":{"line":78,"column":19},"end":{"line":82,"column":25}},"24":{"start":{"line":84,"column":4},"end":{"line":84,"column":49}},"25":{"start":{"line":88,"column":4},"end":{"line":88,"column":21}},"26":{"start":{"line":100,"column":0},"end":{"line":140,"column":3}},"27":{"start":{"line":101,"column":2},"end":{"line":138,"column":3}},"28":{"start":{"line":102,"column":22},"end":{"line":102,"column":30}},"29":{"start":{"line":103,"column":13},"end":{"line":103,"column":26}},"30":{"start":{"line":104,"column":19},"end":{"line":104,"column":23}},"31":{"start":{"line":106,"column":23},"end":{"line":110,"column":13}},"32":{"start":{"line":112,"column":4},"end":{"line":114,"column":5}},"33":{"start":{"line":113,"column":6},"end":{"line":113,"column":60}},"34":{"start":{"line":116,"column":25},"end":{"line":116,"column":53}},"35":{"start":{"line":118,"column":4},"end":{"line":124,"column":5}},"36":{"start":{"line":119,"column":6},"end":{"line":119,"column":28}},"37":{"start":{"line":120,"column":11},"end":{"line":124,"column":5}},"38":{"start":{"line":121,"column":6},"end":{"line":121,"column":21}},"39":{"start":{"line":123,"column":6},"end":{"line":123,"column":30}},"40":{"start":{"line":126,"column":19},"end":{"line":131,"column":34}},"41":{"start":{"line":133,"column":4},"end":{"line":133,"column":49}},"42":{"start":{"line":137,"column":4},"end":{"line":137,"column":21}},"43":{"start":{"line":149,"column":0},"end":{"line":169,"column":3}},"44":{"start":{"line":150,"column":2},"end":{"line":168,"column":3}},"45":{"start":{"line":151,"column":13},"end":{"line":151,"column":26}},"46":{"start":{"line":153,"column":19},"end":{"line":157,"column":13}},"47":{"start":{"line":159,"column":4},"end":{"line":161,"column":5}},"48":{"start":{"line":160,"column":6},"end":{"line":160,"column":60}},"49":{"start":{"line":163,"column":4},"end":{"line":163,"column":43}},"50":{"start":{"line":167,"column":4},"end":{"line":167,"column":21}},"51":{"start":{"line":172,"column":0},"end":{"line":172,"column":24}}},"fnMap":{"0":{"name":"(anonymous_0)","decl":{"start":{"line":10,"column":16},"end":{"line":10,"column":17}},"loc":{"start":{"line":10,"column":48},"end":{"line":20,"column":1}},"line":10},"1":{"name":"(anonymous_1)","decl":{"start":{"line":22,"column":19},"end":{"line":22,"column":20}},"loc":{"start":{"line":22,"column":51},"end":{"line":64,"column":3}},"line":22},"2":{"name":"(anonymous_2)","decl":{"start":{"line":74,"column":17},"end":{"line":74,"column":18}},"loc":{"start":{"line":74,"column":49},"end":{"line":90,"column":1}},"line":74},"3":{"name":"(anonymous_3)","decl":{"start":{"line":100,"column":19},"end":{"line":100,"column":20}},"loc":{"start":{"line":100,"column":51},"end":{"line":140,"column":1}},"line":100},"4":{"name":"(anonymous_4)","decl":{"start":{"line":149,"column":22},"end":{"line":149,"column":23}},"loc":{"start":{"line":149,"column":54},"end":{"line":169,"column":1}},"line":149}},"branchMap":{"0":{"loc":{"start":{"line":40,"column":6},"end":{"line":42,"column":7}},"type":"if","locations":[{"start":{"line":40,"column":6},"end":{"line":42,"column":7}},{"start":{"line":40,"column":6},"end":{"line":42,"column":7}}],"line":40},"1":{"loc":{"start":{"line":112,"column":4},"end":{"line":114,"column":5}},"type":"if","locations":[{"start":{"line":112,"column":4},"end":{"line":114,"column":5}},{"start":{"line":112,"column":4},"end":{"line":114,"column":5}}],"line":112},"2":{"loc":{"start":{"line":118,"column":4},"end":{"line":124,"column":5}},"type":"if","locations":[{"start":{"line":118,"column":4},"end":{"line":124,"column":5}},{"start":{"line":118,"column":4},"end":{"line":124,"column":5}}],"line":118},"3":{"loc":{"start":{"line":118,"column":8},"end":{"line":118,"column":29}},"type":"binary-expr","locations":[{"start":{"line":118,"column":8},"end":{"line":118,"column":21}},{"start":{"line":118,"column":25},"end":{"line":118,"column":29}}],"line":118},"4":{"loc":{"start":{"line":120,"column":11},"end":{"line":124,"column":5}},"type":"if","locations":[{"start":{"line":120,"column":11},"end":{"line":124,"column":5}},{"start":{"line":120,"column":11},"end":{"line":124,"column":5}}],"line":120},"5":{"loc":{"start":{"line":159,"column":4},"end":{"line":161,"column":5}},"type":"if","locations":[{"start":{"line":159,"column":4},"end":{"line":161,"column":5}},{"start":{"line":159,"column":4},"end":{"line":161,"column":5}}],"line":159}},"s":{"0":2,"1":2,"2":2,"3":2,"4":2,"5":2,"6":1,"7":1,"8":1,"9":0,"10":2,"11":2,"12":2,"13":2,"14":2,"15":1,"16":1,"17":1,"18":1,"19":1,"20":2,"21":1,"22":1,"23":1,"24":1,"25":0,"26":2,"27":3,"28":3,"29":3,"30":3,"31":3,"32":3,"33":1,"34":2,"35":2,"36":0,"37":2,"38":2,"39":0,"40":2,"41":2,"42":1,"43":2,"44":2,"45":2,"46":2,"47":2,"48":2,"49":0,"50":2,"51":2},"f":{"0":1,"1":2,"2":1,"3":3,"4":2},"b":{"0":[1,1],"1":[1,2],"2":[0,2],"3":[2,2],"4":[2,0],"5":[2,0]},"_coverageSchema":"1a1c01bbd47fc00a2c39e90264f33305004495a9","hash":"cb2f0b20f5d148a5f09fec956a4d240a14ecf6d2"}
}
