TN:
SF:_test-common.js
FN:6,createData
FNF:1
FNH:1
FNDA:19,createData
DA:3,2
DA:7,19
DA:8,19
DA:9,19
DA:11,19
DA:15,18
DA:24,2
LF:7
LH:7
BRF:0
BRH:0
end_of_record
TN:
SF:app.js
FN:16,(anonymous_0)
FN:23,(anonymous_1)
FNF:2
FNH:1
FNDA:0,(anonymous_0)
FNDA:10,(anonymous_1)
DA:1,2
DA:3,2
DA:4,2
DA:5,2
DA:7,2
DA:9,2
DA:10,2
DA:11,2
DA:16,2
DA:17,0
DA:18,0
DA:23,2
DA:24,10
DA:26,10
DA:33,2
LF:15
LH:13
BRDA:24,0,0,10
BRDA:24,0,1,3
BRF:2
BRH:2
end_of_record
TN:
SF:db.js
FNF:0
FNH:0
DA:4,2
DA:6,2
DA:10,2
DA:13,2
LF:4
LH:4
BRF:0
BRH:0
end_of_record
TN:
SF:expressError.js
FN:2,(anonymous_0)
FNF:1
FNH:1
FNDA:7,(anonymous_0)
DA:3,7
DA:4,7
DA:5,7
DA:6,7
DA:11,2
LF:5
LH:5
BRF:0
BRH:0
end_of_record
TN:
SF:routes\companies.js
FN:9,(anonymous_0)
FN:21,(anonymous_1)
FN:38,(anonymous_2)
FN:60,(anonymous_3)
FN:88,(anonymous_4)
FN:109,(anonymous_5)
FN:151,(anonymous_6)
FNF:7
FNH:5
FNDA:1,(anonymous_0)
FNDA:2,(anonymous_1)
FNDA:2,(anonymous_2)
FNDA:3,(anonymous_3)
FNDA:2,(anonymous_4)
FNDA:0,(anonymous_5)
FNDA:0,(anonymous_6)
DA:1,2
DA:2,2
DA:3,2
DA:4,2
DA:6,2
DA:9,2
DA:10,1
DA:11,1
DA:13,1
DA:17,0
DA:21,2
DA:22,2
DA:23,2
DA:27,2
DA:28,1
DA:30,1
DA:31,1
DA:34,1
DA:38,2
DA:39,2
DA:40,2
DA:41,2
DA:43,2
DA:52,1
DA:56,1
DA:60,2
DA:61,3
DA:62,3
DA:63,3
DA:68,3
DA:76,2
DA:77,1
DA:79,1
DA:84,2
DA:88,2
DA:89,2
DA:90,2
DA:92,2
DA:98,2
DA:99,2
DA:101,0
DA:105,2
DA:109,2
DA:110,0
DA:111,0
DA:112,0
DA:113,0
DA:115,0
DA:121,0
DA:122,0
DA:125,0
DA:127,0
DA:128,0
DA:129,0
DA:130,0
DA:132,0
DA:135,0
DA:142,0
DA:146,0
DA:151,2
DA:152,0
DA:153,0
DA:155,0
DA:161,0
DA:162,0
DA:165,0
DA:169,0
DA:173,2
LF:68
LH:43
BRDA:27,0,0,1
BRDA:27,0,1,1
BRDA:76,1,0,1
BRDA:76,1,1,1
BRDA:98,2,0,2
BRDA:98,2,1,0
BRDA:121,3,0,0
BRDA:121,3,1,0
BRDA:127,4,0,0
BRDA:127,4,1,0
BRDA:127,5,0,0
BRDA:127,5,1,0
BRDA:129,6,0,0
BRDA:129,6,1,0
BRDA:161,7,0,0
BRDA:161,7,1,0
BRF:16
BRH:5
end_of_record
TN:
SF:routes\invoices.js
FN:10,(anonymous_0)
FN:22,(anonymous_1)
FN:74,(anonymous_2)
FN:100,(anonymous_3)
FN:149,(anonymous_4)
FNF:5
FNH:5
FNDA:1,(anonymous_0)
FNDA:2,(anonymous_1)
FNDA:1,(anonymous_2)
FNDA:3,(anonymous_3)
FNDA:2,(anonymous_4)
DA:1,2
DA:2,2
DA:3,2
DA:4,2
DA:6,2
DA:10,2
DA:11,1
DA:12,1
DA:14,1
DA:18,0
DA:22,2
DA:23,2
DA:24,2
DA:26,2
DA:40,2
DA:41,1
DA:44,1
DA:45,1
DA:58,1
DA:62,1
DA:74,2
DA:75,1
DA:76,1
DA:78,1
DA:84,1
DA:88,0
DA:100,2
DA:101,3
DA:102,3
DA:103,3
DA:104,3
DA:106,3
DA:112,3
DA:113,1
DA:116,2
DA:118,2
DA:119,0
DA:120,2
DA:121,2
DA:123,0
DA:126,2
DA:133,2
DA:137,1
DA:149,2
DA:150,2
DA:151,2
DA:153,2
DA:159,2
DA:160,2
DA:163,0
DA:167,2
DA:172,2
LF:52
LH:47
BRDA:40,0,0,1
BRDA:40,0,1,1
BRDA:112,1,0,1
BRDA:112,1,1,2
BRDA:118,2,0,0
BRDA:118,2,1,2
BRDA:118,3,0,2
BRDA:118,3,1,2
BRDA:120,4,0,2
BRDA:120,4,1,0
BRDA:159,5,0,2
BRDA:159,5,1,0
BRF:12
BRH:9
end_of_record
